<?xml version="1.0" encoding="UTF-8"?>
<!-- Generated by org.testng.reporters.JUnitReportReporter -->
<testsuite hostname="DESKTOP-3SP5SHT" failures="0" tests="1" name="Demo.Demo2" time="13.233" errors="0" timestamp="2023-01-02T17:44:32 IST" skipped="0">
  <testcase classname="Demo.Demo2" name="verifytest2" time="13.233"/>
  <system-out/>
</testsuite> <!-- Demo.Demo2 -->
